<?xml version="1.0" encoding="UTF-8"?>
<!-- Generated by org.testng.reporters.JUnitXMLReporter -->
<testsuite ignored="0" hostname="Pranil-PC" failures="0" tests="3" name="Test" time="62.616" errors="0" timestamp="2022-07-27T13:18:12 IST">
  <testcase classname="flipkart.maven.verifyusercanlogin" name="verifylogin" time="6.889"/>
  <testcase classname="flipkart.maven.verifycanaddaddress" name="verifyusercanviewprofile" time="1.094"/>
  <testcase classname="flipkart.maven.verifycanaddaddress" name="verifyusercanaddaddress" time="3.93"/>
</testsuite> <!-- Test -->
