<?xml version="1.0" encoding="UTF-8"?>
<testng-results ignored="0" total="5" passed="4" failed="1" skipped="0">
  <reporter-output>
  </reporter-output>
  <suite started-at="2022-07-24T19:18:10 IST" name="Suite" finished-at="2022-07-24T19:21:33 IST" duration-ms="202928">
    <groups>
    </groups>
    <test started-at="2022-07-24T19:18:10 IST" name="Test" finished-at="2022-07-24T19:21:33 IST" duration-ms="202928">
      <class name="flipkart.maven.verifycanaddaddress">
        <test-method is-config="true" signature="beforeclass()[pri:0, instance:flipkart.maven.verifycanaddaddress@368f2016]" started-at="2022-07-24T19:19:35 IST" name="beforeclass" finished-at="2022-07-24T19:19:35 IST" duration-ms="1" status="PASS">
          <reporter-output>
          </reporter-output>
        </test-method> <!-- beforeclass -->
        <test-method is-config="true" signature="beforemethod()[pri:0, instance:flipkart.maven.verifycanaddaddress@368f2016]" started-at="2022-07-24T19:19:35 IST" name="beforemethod" finished-at="2022-07-24T19:19:35 IST" duration-ms="4" status="PASS">
          <reporter-output>
          </reporter-output>
        </test-method> <!-- beforemethod -->
        <test-method signature="verifyusercanviewprofile()[pri:0, instance:flipkart.maven.verifycanaddaddress@368f2016]" started-at="2022-07-24T19:19:35 IST" name="verifyusercanviewprofile" finished-at="2022-07-24T19:19:56 IST" duration-ms="20952" status="PASS">
          <reporter-output>
          </reporter-output>
        </test-method> <!-- verifyusercanviewprofile -->
        <test-method is-config="true" signature="beforemethod()[pri:0, instance:flipkart.maven.verifycanaddaddress@368f2016]" started-at="2022-07-24T19:19:56 IST" name="beforemethod" finished-at="2022-07-24T19:19:56 IST" duration-ms="1" status="PASS">
          <reporter-output>
          </reporter-output>
        </test-method> <!-- beforemethod -->
        <test-method signature="verifyusercanaddaddress()[pri:1, instance:flipkart.maven.verifycanaddaddress@368f2016]" started-at="2022-07-24T19:19:56 IST" name="verifyusercanaddaddress" finished-at="2022-07-24T19:20:07 IST" duration-ms="11083" status="PASS">
          <reporter-output>
          </reporter-output>
        </test-method> <!-- verifyusercanaddaddress -->
      </class> <!-- flipkart.maven.verifycanaddaddress -->
      <class name="flipkart.maven.verifyusercansearchproduct">
        <test-method is-config="true" signature="beforeclass()[pri:0, instance:flipkart.maven.verifyusercansearchproduct@4c583ecf]" started-at="2022-07-24T19:20:07 IST" name="beforeclass" finished-at="2022-07-24T19:20:07 IST" duration-ms="1" status="PASS">
          <reporter-output>
          </reporter-output>
        </test-method> <!-- beforeclass -->
        <test-method is-config="true" signature="beforemethod()[pri:0, instance:flipkart.maven.verifyusercansearchproduct@4c583ecf]" started-at="2022-07-24T19:20:07 IST" name="beforemethod" finished-at="2022-07-24T19:20:07 IST" duration-ms="95" status="PASS">
          <reporter-output>
          </reporter-output>
        </test-method> <!-- beforemethod -->
        <test-method signature="verifysearch()[pri:0, instance:flipkart.maven.verifyusercansearchproduct@4c583ecf]" started-at="2022-07-24T19:20:07 IST" name="verifysearch" finished-at="2022-07-24T19:20:08 IST" duration-ms="695" status="PASS">
          <reporter-output>
          </reporter-output>
        </test-method> <!-- verifysearch -->
        <test-method is-config="true" signature="beforemethod()[pri:0, instance:flipkart.maven.verifyusercansearchproduct@4c583ecf]" started-at="2022-07-24T19:20:08 IST" name="beforemethod" finished-at="2022-07-24T19:20:08 IST" duration-ms="3" status="PASS">
          <reporter-output>
          </reporter-output>
        </test-method> <!-- beforemethod -->
        <test-method signature="verifybuy()[pri:1, instance:flipkart.maven.verifyusercansearchproduct@4c583ecf]" started-at="2022-07-24T19:20:08 IST" name="verifybuy" finished-at="2022-07-24T19:21:33 IST" duration-ms="85553" status="FAIL">
          <exception class="org.openqa.selenium.NoSuchElementException">
            <message>
              <![CDATA[no such element: Unable to locate element: {"method":"xpath","selector":"(//div[@class='_2jIO64 _3Uc2dx'])[6]"}
  (Session info: chrome=103.0.5060.134)
For documentation on this error, please visit: https://selenium.dev/exceptions/#no_such_element
Build info: version: '4.2.0', revision: '86eb611648'
System info: host: 'PRANIL-PC', ip: '192.168.0.104', os.name: 'Windows 10', os.arch: 'amd64', os.version: '10.0', java.version: '17.0.2'
Driver info: org.openqa.selenium.chrome.ChromeDriver
Command: [c99f1b6264c7ba57b9dc64c6b7f8d04a, findElement {using=xpath, value=(//div[@class='_2jIO64 _3Uc2dx'])[6]}]
Capabilities {acceptInsecureCerts: false, browserName: chrome, browserVersion: 103.0.5060.134, chrome: {chromedriverVersion: 102.0.5005.61 (0e59bcc00cc4..., userDataDir: C:\Users\Pranil\AppData\Loc...}, goog:chromeOptions: {debuggerAddress: localhost:58016}, javascriptEnabled: true, networkConnectionEnabled: false, pageLoadStrategy: normal, platform: WINDOWS, platformName: WINDOWS, proxy: Proxy(), se:cdp: ws://localhost:58016/devtoo..., se:cdpVersion: 103.0.5060.134, setWindowRect: true, strictFileInteractability: false, timeouts: {implicit: 0, pageLoad: 300000, script: 30000}, unhandledPromptBehavior: dismiss and notify, webauthn:extension:credBlob: true, webauthn:extension:largeBlob: true, webauthn:virtualAuthenticators: true}
Session ID: c99f1b6264c7ba57b9dc64c6b7f8d04a]]>
            </message>
            <full-stacktrace>
              <![CDATA[org.openqa.selenium.NoSuchElementException: no such element: Unable to locate element: {"method":"xpath","selector":"(//div[@class='_2jIO64 _3Uc2dx'])[6]"}
  (Session info: chrome=103.0.5060.134)
For documentation on this error, please visit: https://selenium.dev/exceptions/#no_such_element
Build info: version: '4.2.0', revision: '86eb611648'
System info: host: 'PRANIL-PC', ip: '192.168.0.104', os.name: 'Windows 10', os.arch: 'amd64', os.version: '10.0', java.version: '17.0.2'
Driver info: org.openqa.selenium.chrome.ChromeDriver
Command: [c99f1b6264c7ba57b9dc64c6b7f8d04a, findElement {using=xpath, value=(//div[@class='_2jIO64 _3Uc2dx'])[6]}]
Capabilities {acceptInsecureCerts: false, browserName: chrome, browserVersion: 103.0.5060.134, chrome: {chromedriverVersion: 102.0.5005.61 (0e59bcc00cc4..., userDataDir: C:\Users\Pranil\AppData\Loc...}, goog:chromeOptions: {debuggerAddress: localhost:58016}, javascriptEnabled: true, networkConnectionEnabled: false, pageLoadStrategy: normal, platform: WINDOWS, platformName: WINDOWS, proxy: Proxy(), se:cdp: ws://localhost:58016/devtoo..., se:cdpVersion: 103.0.5060.134, setWindowRect: true, strictFileInteractability: false, timeouts: {implicit: 0, pageLoad: 300000, script: 30000}, unhandledPromptBehavior: dismiss and notify, webauthn:extension:credBlob: true, webauthn:extension:largeBlob: true, webauthn:virtualAuthenticators: true}
Session ID: c99f1b6264c7ba57b9dc64c6b7f8d04a
at java.base/jdk.internal.reflect.NativeConstructorAccessorImpl.newInstance0(Native Method)
at java.base/jdk.internal.reflect.NativeConstructorAccessorImpl.newInstance(NativeConstructorAccessorImpl.java:77)
at java.base/jdk.internal.reflect.DelegatingConstructorAccessorImpl.newInstance(DelegatingConstructorAccessorImpl.java:45)
at java.base/java.lang.reflect.Constructor.newInstanceWithCaller(Constructor.java:499)
at java.base/java.lang.reflect.Constructor.newInstance(Constructor.java:480)
at org.openqa.selenium.remote.codec.w3c.W3CHttpResponseCodec.createException(W3CHttpResponseCodec.java:200)
at org.openqa.selenium.remote.codec.w3c.W3CHttpResponseCodec.decode(W3CHttpResponseCodec.java:133)
at org.openqa.selenium.remote.codec.w3c.W3CHttpResponseCodec.decode(W3CHttpResponseCodec.java:53)
at org.openqa.selenium.remote.HttpCommandExecutor.execute(HttpCommandExecutor.java:184)
at org.openqa.selenium.remote.service.DriverCommandExecutor.invokeExecute(DriverCommandExecutor.java:167)
at org.openqa.selenium.remote.service.DriverCommandExecutor.execute(DriverCommandExecutor.java:142)
at org.openqa.selenium.remote.RemoteWebDriver.execute(RemoteWebDriver.java:566)
at org.openqa.selenium.remote.ElementLocation$ElementFinder$2.findElement(ElementLocation.java:162)
at org.openqa.selenium.remote.ElementLocation.findElement(ElementLocation.java:60)
at org.openqa.selenium.remote.RemoteWebDriver.findElement(RemoteWebDriver.java:384)
at org.openqa.selenium.remote.RemoteWebDriver.findElement(RemoteWebDriver.java:376)
at org.openqa.selenium.support.pagefactory.DefaultElementLocator.findElement(DefaultElementLocator.java:70)
at org.openqa.selenium.support.pagefactory.internal.LocatingElementHandler.invoke(LocatingElementHandler.java:39)
at jdk.proxy2/jdk.proxy2.$Proxy16.getWrappedElement(Unknown Source)
at org.openqa.selenium.remote.internal.WebElementToJsonConverter.apply(WebElementToJsonConverter.java:51)
at java.base/java.util.stream.ReferencePipeline$3$1.accept(ReferencePipeline.java:197)
at java.base/java.util.Spliterators$ArraySpliterator.forEachRemaining(Spliterators.java:992)
at java.base/java.util.stream.AbstractPipeline.copyInto(AbstractPipeline.java:509)
at java.base/java.util.stream.AbstractPipeline.wrapAndCopyInto(AbstractPipeline.java:499)
at java.base/java.util.stream.ReduceOps$ReduceOp.evaluateSequential(ReduceOps.java:921)
at java.base/java.util.stream.AbstractPipeline.evaluate(AbstractPipeline.java:234)
at java.base/java.util.stream.ReferencePipeline.collect(ReferencePipeline.java:682)
at org.openqa.selenium.remote.RemoteWebDriver.executeScript(RemoteWebDriver.java:497)
at Util1.util1.scroll(util1.java:51)
at POMclasses.Productpage.clickcod(Productpage.java:60)
at flipkart.maven.verifyusercansearchproduct.verifybuy(verifyusercansearchproduct.java:43)
at java.base/jdk.internal.reflect.NativeMethodAccessorImpl.invoke0(Native Method)
at java.base/jdk.internal.reflect.NativeMethodAccessorImpl.invoke(NativeMethodAccessorImpl.java:77)
at java.base/jdk.internal.reflect.DelegatingMethodAccessorImpl.invoke(DelegatingMethodAccessorImpl.java:43)
at java.base/java.lang.reflect.Method.invoke(Method.java:568)
at org.testng.internal.invokers.MethodInvocationHelper.invokeMethod(MethodInvocationHelper.java:139)
at org.testng.internal.invokers.TestInvoker.invokeMethod(TestInvoker.java:677)
at org.testng.internal.invokers.TestInvoker.invokeTestMethod(TestInvoker.java:221)
at org.testng.internal.invokers.MethodRunner.runInSequence(MethodRunner.java:50)
at org.testng.internal.invokers.TestInvoker$MethodInvocationAgent.invoke(TestInvoker.java:962)
at org.testng.internal.invokers.TestInvoker.invokeTestMethods(TestInvoker.java:194)
at org.testng.internal.invokers.TestMethodWorker.invokeTestMethods(TestMethodWorker.java:148)
at org.testng.internal.invokers.TestMethodWorker.run(TestMethodWorker.java:128)
at java.base/java.util.ArrayList.forEach(ArrayList.java:1511)
at org.testng.TestRunner.privateRun(TestRunner.java:806)
at org.testng.TestRunner.run(TestRunner.java:601)
at org.testng.SuiteRunner.runTest(SuiteRunner.java:433)
at org.testng.SuiteRunner.runSequentially(SuiteRunner.java:427)
at org.testng.SuiteRunner.privateRun(SuiteRunner.java:387)
at org.testng.SuiteRunner.run(SuiteRunner.java:330)
at org.testng.SuiteRunnerWorker.runSuite(SuiteRunnerWorker.java:52)
at org.testng.SuiteRunnerWorker.run(SuiteRunnerWorker.java:95)
at org.testng.TestNG.runSuitesSequentially(TestNG.java:1256)
at org.testng.TestNG.runSuitesLocally(TestNG.java:1176)
at org.testng.TestNG.runSuites(TestNG.java:1099)
at org.testng.TestNG.run(TestNG.java:1067)
at org.testng.remote.AbstractRemoteTestNG.run(AbstractRemoteTestNG.java:115)
at org.testng.remote.RemoteTestNG.initAndRun(RemoteTestNG.java:251)
at org.testng.remote.RemoteTestNG.main(RemoteTestNG.java:77)
]]>
            </full-stacktrace>
          </exception> <!-- org.openqa.selenium.NoSuchElementException -->
          <reporter-output>
          </reporter-output>
        </test-method> <!-- verifybuy -->
      </class> <!-- flipkart.maven.verifyusercansearchproduct -->
      <class name="flipkart.maven.verifyusercanlogin">
        <test-method is-config="true" signature="beforeclass()[pri:0, instance:flipkart.maven.verifyusercanlogin@6302bbb1]" started-at="2022-07-24T19:18:10 IST" name="beforeclass" finished-at="2022-07-24T19:19:00 IST" duration-ms="49295" status="PASS">
          <reporter-output>
          </reporter-output>
        </test-method> <!-- beforeclass -->
        <test-method is-config="true" signature="beforemethod()[pri:0, instance:flipkart.maven.verifyusercanlogin@6302bbb1]" started-at="2022-07-24T19:19:00 IST" name="beforemethod" finished-at="2022-07-24T19:19:01 IST" duration-ms="1340" status="PASS">
          <reporter-output>
          </reporter-output>
        </test-method> <!-- beforemethod -->
        <test-method signature="verifylogin()[pri:0, instance:flipkart.maven.verifyusercanlogin@6302bbb1]" started-at="2022-07-24T19:19:01 IST" name="verifylogin" finished-at="2022-07-24T19:19:35 IST" duration-ms="33360" status="PASS">
          <reporter-output>
          </reporter-output>
        </test-method> <!-- verifylogin -->
      </class> <!-- flipkart.maven.verifyusercanlogin -->
    </test> <!-- Test -->
  </suite> <!-- Suite -->
</testng-results>
