<?xml version="1.0" encoding="UTF-8"?>
<testng-results ignored="0" total="3" passed="3" failed="0" skipped="0">
  <reporter-output>
  </reporter-output>
  <suite started-at="2022-07-27T13:17:10 IST" name="Suite" finished-at="2022-07-27T13:18:12 IST" duration-ms="62616">
    <groups>
    </groups>
    <test started-at="2022-07-27T13:17:10 IST" name="Test" finished-at="2022-07-27T13:18:12 IST" duration-ms="62616">
      <class name="flipkart.maven.verifycanaddaddress">
        <test-method is-config="true" signature="beforeclass()[pri:0, instance:flipkart.maven.verifycanaddaddress@3e694b3f]" started-at="2022-07-27T13:18:07 IST" name="beforeclass" finished-at="2022-07-27T13:18:07 IST" duration-ms="1" status="PASS">
          <reporter-output>
          </reporter-output>
        </test-method> <!-- beforeclass -->
        <test-method is-config="true" signature="beforemethod()[pri:0, instance:flipkart.maven.verifycanaddaddress@3e694b3f]" started-at="2022-07-27T13:18:07 IST" name="beforemethod" finished-at="2022-07-27T13:18:07 IST" duration-ms="5" status="PASS">
          <reporter-output>
          </reporter-output>
        </test-method> <!-- beforemethod -->
        <test-method signature="verifyusercanviewprofile()[pri:0, instance:flipkart.maven.verifycanaddaddress@3e694b3f]" started-at="2022-07-27T13:18:07 IST" name="verifyusercanviewprofile" finished-at="2022-07-27T13:18:08 IST" duration-ms="1094" status="PASS">
          <reporter-output>
          </reporter-output>
        </test-method> <!-- verifyusercanviewprofile -->
        <test-method is-config="true" signature="aftermethod(org.testng.ITestResult)[pri:0, instance:flipkart.maven.verifycanaddaddress@3e694b3f]" started-at="2022-07-27T13:18:08 IST" name="aftermethod" finished-at="2022-07-27T13:18:08 IST" duration-ms="2" status="PASS">
          <params>
            <param index="0">
              <value>
                <![CDATA[[TestResult name=verifyusercanviewprofile status=SUCCESS method=verifycanaddaddress.verifyusercanviewprofile()[pri:0, instance:flipkart.maven.verifycanaddaddress@3e694b3f] output={null}]]]>
              </value>
            </param>
          </params>
          <reporter-output>
          </reporter-output>
        </test-method> <!-- aftermethod -->
        <test-method is-config="true" signature="beforemethod()[pri:0, instance:flipkart.maven.verifycanaddaddress@3e694b3f]" started-at="2022-07-27T13:18:08 IST" name="beforemethod" finished-at="2022-07-27T13:18:08 IST" duration-ms="5" status="PASS">
          <reporter-output>
          </reporter-output>
        </test-method> <!-- beforemethod -->
        <test-method signature="verifyusercanaddaddress()[pri:1, instance:flipkart.maven.verifycanaddaddress@3e694b3f]" started-at="2022-07-27T13:18:08 IST" name="verifyusercanaddaddress" finished-at="2022-07-27T13:18:12 IST" duration-ms="3930" status="PASS">
          <reporter-output>
          </reporter-output>
        </test-method> <!-- verifyusercanaddaddress -->
        <test-method is-config="true" signature="aftermethod(org.testng.ITestResult)[pri:0, instance:flipkart.maven.verifycanaddaddress@3e694b3f]" started-at="2022-07-27T13:18:12 IST" name="aftermethod" finished-at="2022-07-27T13:18:12 IST" duration-ms="1" status="PASS">
          <params>
            <param index="0">
              <value>
                <![CDATA[[TestResult name=verifyusercanaddaddress status=SUCCESS method=verifycanaddaddress.verifyusercanaddaddress()[pri:1, instance:flipkart.maven.verifycanaddaddress@3e694b3f] output={null}]]]>
              </value>
            </param>
          </params>
          <reporter-output>
          </reporter-output>
        </test-method> <!-- aftermethod -->
        <test-method is-config="true" signature="afterclass()[pri:0, instance:flipkart.maven.verifycanaddaddress@3e694b3f]" started-at="2022-07-27T13:18:12 IST" name="afterclass" finished-at="2022-07-27T13:18:12 IST" duration-ms="364" status="PASS">
          <reporter-output>
          </reporter-output>
        </test-method> <!-- afterclass -->
      </class> <!-- flipkart.maven.verifycanaddaddress -->
      <class name="flipkart.maven.verifyusercanlogin">
        <test-method is-config="true" signature="beforeclass()[pri:0, instance:flipkart.maven.verifyusercanlogin@4218d6a3]" started-at="2022-07-27T13:17:10 IST" name="beforeclass" finished-at="2022-07-27T13:17:57 IST" duration-ms="46456" status="PASS">
          <reporter-output>
          </reporter-output>
        </test-method> <!-- beforeclass -->
        <test-method is-config="true" signature="beforemethod()[pri:0, instance:flipkart.maven.verifyusercanlogin@4218d6a3]" started-at="2022-07-27T13:17:57 IST" name="beforemethod" finished-at="2022-07-27T13:17:57 IST" duration-ms="644" status="PASS">
          <reporter-output>
          </reporter-output>
        </test-method> <!-- beforemethod -->
        <test-method signature="verifylogin()[pri:0, instance:flipkart.maven.verifyusercanlogin@4218d6a3]" started-at="2022-07-27T13:17:57 IST" name="verifylogin" finished-at="2022-07-27T13:18:04 IST" duration-ms="6889" status="PASS">
          <reporter-output>
          </reporter-output>
        </test-method> <!-- verifylogin -->
        <test-method is-config="true" signature="aftermethod(org.testng.ITestResult)[pri:0, instance:flipkart.maven.verifyusercanlogin@4218d6a3]" started-at="2022-07-27T13:18:04 IST" name="aftermethod" finished-at="2022-07-27T13:18:04 IST" duration-ms="91" status="PASS">
          <params>
            <param index="0">
              <value>
                <![CDATA[[TestResult name=verifylogin status=SUCCESS method=verifyusercanlogin.verifylogin()[pri:0, instance:flipkart.maven.verifyusercanlogin@4218d6a3] output={null}]]]>
              </value>
            </param>
          </params>
          <reporter-output>
          </reporter-output>
        </test-method> <!-- aftermethod -->
        <test-method is-config="true" signature="afterclass()[pri:0, instance:flipkart.maven.verifyusercanlogin@4218d6a3]" started-at="2022-07-27T13:18:04 IST" name="afterclass" finished-at="2022-07-27T13:18:07 IST" duration-ms="2510" status="PASS">
          <reporter-output>
          </reporter-output>
        </test-method> <!-- afterclass -->
      </class> <!-- flipkart.maven.verifyusercanlogin -->
    </test> <!-- Test -->
  </suite> <!-- Suite -->
</testng-results>
